  Cell.cpp
c:\users\blue\git\game-design\prototype3\nyucodebase\entity.h(12): warning C4005: 'M_PI': macro redefinition
  c:\sdl2\include\sdl_stdinc.h(436): note: see previous definition of 'M_PI'
  Generating Code...
  Compiling...
  main.cpp
c:\users\blue\git\game-design\prototype3\nyucodebase\entity.h(12): warning C4005: 'M_PI': macro redefinition
  c:\sdl2\include\sdl_stdinc.h(436): note: see previous definition of 'M_PI'
  Pulser.cpp
c:\users\blue\git\game-design\prototype3\nyucodebase\entity.h(12): warning C4005: 'M_PI': macro redefinition
  c:\sdl2\include\sdl_stdinc.h(436): note: see previous definition of 'M_PI'
  Game.cpp
c:\users\blue\git\game-design\prototype3\nyucodebase\entity.h(12): warning C4005: 'M_PI': macro redefinition
  c:\sdl2\include\sdl_stdinc.h(436): note: see previous definition of 'M_PI'
c:\users\blue\git\game-design\prototype3\nyucodebase\game.cpp(25): warning C4244: 'argument': conversion from 'time_t' to 'unsigned int', possible loss of data
c:\users\blue\git\game-design\prototype3\nyucodebase\game.cpp(27): warning C4018: '<': signed/unsigned mismatch
c:\users\blue\git\game-design\prototype3\nyucodebase\game.cpp(31): warning C4018: '<': signed/unsigned mismatch
c:\users\blue\git\game-design\prototype3\nyucodebase\game.cpp(53): warning C4305: 'argument': truncation from 'double' to 'float'
c:\users\blue\git\game-design\prototype3\nyucodebase\game.cpp(162): warning C4244: '=': conversion from 'float' to 'int', possible loss of data
c:\users\blue\git\game-design\prototype3\nyucodebase\game.cpp(201): warning C4244: 'initializing': conversion from 'double' to 'float', possible loss of data
c:\users\blue\git\game-design\prototype3\nyucodebase\game.cpp(240): warning C4305: 'argument': truncation from 'double' to 'float'
c:\users\blue\git\game-design\prototype3\nyucodebase\game.cpp(245): warning C4305: 'argument': truncation from 'double' to 'float'
c:\users\blue\git\game-design\prototype3\nyucodebase\game.cpp(249): warning C4305: 'argument': truncation from 'double' to 'float'
c:\users\blue\git\game-design\prototype3\nyucodebase\game.cpp(298): warning C4244: 'initializing': conversion from 'double' to 'float', possible loss of data
c:\users\blue\git\game-design\prototype3\nyucodebase\game.cpp(321): warning C4244: 'initializing': conversion from 'double' to 'float', possible loss of data
  Entity.cpp
c:\users\blue\git\game-design\prototype3\nyucodebase\entity.h(12): warning C4005: 'M_PI': macro redefinition
  c:\sdl2\include\sdl_stdinc.h(436): note: see previous definition of 'M_PI'
c:\users\blue\git\game-design\prototype3\nyucodebase\entity.cpp(28): warning C4244: '=': conversion from 'float' to 'int', possible loss of data
c:\users\blue\git\game-design\prototype3\nyucodebase\entity.cpp(29): warning C4244: '=': conversion from 'float' to 'int', possible loss of data
c:\users\blue\git\game-design\prototype3\nyucodebase\entity.cpp(30): warning C4244: '=': conversion from 'float' to 'int', possible loss of data
c:\users\blue\git\game-design\prototype3\nyucodebase\entity.cpp(31): warning C4244: '=': conversion from 'float' to 'int', possible loss of data
c:\users\blue\git\game-design\prototype3\nyucodebase\entity.cpp(79): warning C4244: 'initializing': conversion from 'double' to 'float', possible loss of data
c:\users\blue\git\game-design\prototype3\nyucodebase\entity.cpp(121): warning C4838: conversion from 'int' to 'GLfloat' requires a narrowing conversion
c:\users\blue\git\game-design\prototype3\nyucodebase\entity.cpp(121): warning C4244: 'initializing': conversion from 'int' to 'GLfloat', possible loss of data
c:\users\blue\git\game-design\prototype3\nyucodebase\entity.cpp(158): warning C4305: 'initializing': truncation from 'double' to 'float'
c:\users\blue\git\game-design\prototype3\nyucodebase\entity.cpp(175): warning C4244: 'return': conversion from 'double' to 'float', possible loss of data
c:\users\blue\git\game-design\prototype3\nyucodebase\entity.cpp(177): warning C4244: 'return': conversion from 'double' to 'float', possible loss of data
  Generating Code...
  NYUCodebase.vcxproj -> C:\Users\blue\git\game-design\prototype3\Debug\NYUCodebase.exe
