Build started 2/15/2016 9:23:13 PM.
     1>Project "D:\Git Repositories\game-design\prototype2\NYUCodebase\NYUCodebase.vcxproj" on node 2 (Build target(s)).
     1>ClCompile:
         C:\Program Files (x86)\Microsoft Visual Studio 14.0\VC\bin\CL.exe /c /IC:\SDL2\include /IC:\SDL2_image\include /ZI /nologo /W3 /WX- /sdl /Od /Oy- /D _MBCS /Gm /EHsc /RTC1 /MDd /GS /fp:precise /Zc:wchar_t /Zc:forScope /Zc:inline /Fo"Debug\\" /Fd"Debug\vc140.pdb" /Gd /TP /analyze- /errorReport:prompt PoopGame.cpp
         PoopGame.cpp
     1>d:\git repositories\game-design\prototype2\nyucodebase\poopgame.cpp(25): warning C4244: 'argument': conversion from 'time_t' to 'unsigned int', possible loss of data
     1>d:\git repositories\game-design\prototype2\nyucodebase\poopgame.cpp(26): warning C4018: '<': signed/unsigned mismatch
     1>d:\git repositories\game-design\prototype2\nyucodebase\poopgame.cpp(155): warning C4244: 'initializing': conversion from 'int' to 'float', possible loss of data
     1>d:\git repositories\game-design\prototype2\nyucodebase\poopgame.cpp(156): warning C4244: 'initializing': conversion from 'int' to 'float', possible loss of data
     1>d:\git repositories\game-design\prototype2\nyucodebase\poopgame.cpp(157): warning C4244: 'initializing': conversion from 'int' to 'float', possible loss of data
     1>d:\git repositories\game-design\prototype2\nyucodebase\poopgame.cpp(159): warning C4244: 'argument': conversion from 'float' to 'int', possible loss of data
     1>d:\git repositories\game-design\prototype2\nyucodebase\poopgame.cpp(173): warning C4244: 'initializing': conversion from 'double' to 'float', possible loss of data
     1>d:\git repositories\game-design\prototype2\nyucodebase\poopgame.cpp(249): warning C4305: 'argument': truncation from 'double' to 'float'
     1>d:\git repositories\game-design\prototype2\nyucodebase\poopgame.cpp(254): warning C4305: 'argument': truncation from 'double' to 'float'
     1>d:\git repositories\game-design\prototype2\nyucodebase\poopgame.cpp(259): warning C4305: 'argument': truncation from 'double' to 'float'
       Link:
         C:\Program Files (x86)\Microsoft Visual Studio 14.0\VC\bin\link.exe /ERRORREPORT:PROMPT /OUT:"D:\Git Repositories\game-design\prototype2\Debug\NYUCodebase.exe" /INCREMENTAL /NOLOGO /LIBPATH:C:\SDL2\lib\x86 /LIBPATH:C:\SDL2_image\lib\x86 SDL2.lib SDL2main.lib SDL2_image.lib OpenGL32.lib /MANIFEST /MANIFESTUAC:"level='asInvoker' uiAccess='false'" /manifest:embed /Debug /PDB:"D:\Git Repositories\game-design\prototype2\Debug\NYUCodebase.pdb" /SUBSYSTEM:CONSOLE /TLBID:1 /DYNAMICBASE /NXCOMPAT /IMPLIB:"D:\Git Repositories\game-design\prototype2\Debug\NYUCodebase.lib" /MACHINE:X86 Debug\Entity.obj
         Debug\main.obj
         Debug\People.obj
         Debug\Poop.obj
         Debug\PoopGame.obj
         NYUCodebase.vcxproj -> D:\Git Repositories\game-design\prototype2\Debug\NYUCodebase.exe
     1>Done Building Project "D:\Git Repositories\game-design\prototype2\NYUCodebase\NYUCodebase.vcxproj" (Build target(s)).

Build succeeded.

Time Elapsed 00:00:01.50
